<?xml version="1.0" encoding="UTF-8"?>
<!-- Generated by org.testng.reporters.JUnitXMLReporter -->
<testsuite ignored="0" hostname="SHWETHA-PC-15S" failures="0" tests="2" name="CrossBrowing-Edge" time="0.097" errors="0" timestamp="2025-02-28T21:02:27 IST">
  <testcase classname="readData.practiceHere" name="@BeforeClass loginApp" time="-1.74075674784E9">
    <failure type="org.testng.TestNGException" message="
Parameter &amp;apos;rbrowser&amp;apos; is required by BeforeClass on method loginApp but has not been marked @Optional or defined
in C:\Users\Shwetha\OneDrive\Desktop\Selenium\RakeshMavenProject\src\test\java\readData\testng.xml">
      <![CDATA[org.testng.TestNGException: 
Parameter 'rbrowser' is required by BeforeClass on method loginApp but has not been marked @Optional or defined
in C:\Users\Shwetha\OneDrive\Desktop\Selenium\RakeshMavenProject\src\test\java\readData\testng.xml
at java.base/java.util.ArrayList.forEach(ArrayList.java:1596)
at java.base/java.util.concurrent.FutureTask.run(FutureTask.java:317)
at java.base/java.util.concurrent.ThreadPoolExecutor.runWorker(ThreadPoolExecutor.java:1144)
at java.base/java.util.concurrent.ThreadPoolExecutor$Worker.run(ThreadPoolExecutor.java:642)
at java.base/java.lang.Thread.run(Thread.java:1583)
... Removed 13 stack frames]]>
    </failure>
  </testcase> <!-- @BeforeClass loginApp -->
  <testcase classname="readData.practiceHere" name="@AfterClass close" time="-1.740756747897E9">
    <skipped/>
  </testcase> <!-- @AfterClass close -->
  <testcase classname="readData.practiceHere" name="tesLogin" time="0.0">
    <skipped/>
  </testcase> <!-- tesLogin -->
  <testcase classname="readData.practiceHere" name="tesLogin" time="0.0">
    <skipped/>
  </testcase> <!-- tesLogin -->
</testsuite> <!-- CrossBrowing-Edge -->
