<?xml version="1.0" encoding="UTF-8"?>
<!-- Generated by org.testng.reporters.JUnitXMLReporter -->
<testsuite ignored="0" hostname="SHWETHA-PC-15S" failures="0" tests="2" name="dataProviderDemo" time="0.11" errors="0" timestamp="2025-02-28T22:12:38 IST">
  <testcase classname="readData.DataProviderDemo" name="@BeforeClass setup" time="-1.740760958587E9">
    <failure type="org.testng.TestNGException" message="
Parameter &amp;apos;browser&amp;apos; is required by BeforeClass on method setup but has not been marked @Optional or defined
in C:\Users\Shwetha\OneDrive\Desktop\Selenium\RakeshMavenProject\src\test\java\readData\testng.xml">
      <![CDATA[org.testng.TestNGException: 
Parameter 'browser' is required by BeforeClass on method setup but has not been marked @Optional or defined
in C:\Users\Shwetha\OneDrive\Desktop\Selenium\RakeshMavenProject\src\test\java\readData\testng.xml
at java.base/java.util.ArrayList.forEach(ArrayList.java:1596)
... Removed 22 stack frames]]>
    </failure>
  </testcase> <!-- @BeforeClass setup -->
  <testcase classname="readData.DataProviderDemo" name="@AfterClass close" time="0.009">
    <failure type="java.lang.NullPointerException" message="Cannot invoke &amp;quot;org.openqa.selenium.WebDriver.quit()&amp;quot; because &amp;quot;this.driver&amp;quot; is null">
      <![CDATA[java.lang.NullPointerException: Cannot invoke "org.openqa.selenium.WebDriver.quit()" because "this.driver" is null
at readData.DataProviderDemo.close(DataProviderDemo.java:66)
at java.base/java.util.ArrayList.forEach(ArrayList.java:1596)
... Removed 23 stack frames]]>
    </failure>
  </testcase> <!-- @AfterClass close -->
  <testcase classname="readData.DataProviderDemo" name="login" time="0.0">
    <skipped/>
  </testcase> <!-- login -->
  <testcase classname="readData.DataProviderDemo" name="login" time="0.0">
    <skipped/>
  </testcase> <!-- login -->
</testsuite> <!-- dataProviderDemo -->
